<?xml version="1.0" encoding="UTF-8"?>
<!-- Generated by org.testng.reporters.JUnitReportReporter -->
<testsuite skipped="0" hostname="HOMEHP-PC" name="com.testleaf.ACME_System.Login" tests="1" failures="0" timestamp="2019-10-12T15:05:22 IST" time="19.948" errors="0">
  <testcase name="LoginMethod" time="19.948" classname="com.testleaf.ACME_System.Login"/>
</testsuite> <!-- com.testleaf.ACME_System.Login -->
