<?xml version="1.0" encoding="UTF-8"?>
<!-- Generated by org.testng.reporters.JUnitReportReporter -->
<testsuite skipped="0" hostname="HOMEHP-PC" name="com.testleaf.ACME_System.Login" tests="1" failures="0" timestamp="2019-10-22T12:10:49 IST" time="20.556" errors="0">
  <testcase name="LoginMethod" time="20.556" classname="com.testleaf.ACME_System.Login"/>
</testsuite> <!-- com.testleaf.ACME_System.Login -->
